Mon Jun 17 11:18:14 2019 GMT
Fri Jun 21 10:48:35 2019 GMT
Fri Jun 21 11:24:30 2019 GMT
Fri Jun 21 12:20:42 2019 GMT
Fri Jun 21 12:21:05 2019 GMT
Fri Jun 21 12:22:14 2019 GMT
Fri Jun 21 12:32:39 2019 GMT
Fri Jun 21 12:49:00 2019 GMT
Fri Jun 21 13:09:43 2019 GMT
Fri Jun 21 13:13:42 2019 GMT
Fri Jun 21 13:14:10 2019 GMT
Fri Jun 21 15:18:36 2019 GMT
Fri Jun 21 15:20:27 2019 GMT
Fri Jun 21 15:23:12 2019 GMT
Fri Jun 21 15:34:19 2019 GMT
Fri Jun 21 15:36:02 2019 GMT
Fri Jun 21 15:41:26 2019 GMT
Fri Jun 21 15:50:05 2019 GMT
Fri Jun 21 15:54:10 2019 GMT
Fri Jun 21 15:58:32 2019 GMT
Fri Jun 21 16:02:22 2019 GMT
Fri Jun 21 16:15:54 2019 GMT
Mon Jun 24 10:29:33 2019 GMT
Mon Jun 24 10:39:43 2019 GMT
Mon Jun 24 10:42:22 2019 GMT
Mon Jun 24 10:49:48 2019 GMT
Mon Jun 24 10:51:07 2019 GMT
Mon Jun 24 10:53:09 2019 GMT
Mon Jun 24 10:55:09 2019 GMT
Mon Jun 24 10:55:55 2019 GMT
Mon Jun 24 11:11:09 2019 GMT
Mon Jun 24 11:13:42 2019 GMT
Mon Jun 24 11:17:42 2019 GMT
Tue Jul 9 15:13:01 2019 GMT
Wed Jul 10 10:41:53 2019 GMT
Fri Jul 12 10:17:14 2019 GMT
Fri Jul 12 17:00:44 2019 GMT
Fri Jul 12 17:09:06 2019 GMT
Tue Jul 16 14:53:54 2019 GMT
Mon Jul 22 15:35:41 2019 GMT
